============================= test session starts ==============================
platform darwin -- Python 3.14.6, pytest-9.1.1, pluggy-1.6.0 -- /Users/prayangshuuu/Desktop/kairos/.venv/bin/python
cachedir: .pytest_cache
django: version: 6.1, settings: config.settings.dev (from ini)
rootdir: /Users/prayangshuuu/Desktop/kairos
configfile: pytest.ini (WARNING: ignoring pytest config in pyproject.toml!)
plugins: cov-7.1.0, Faker-40.36.0, factoryboy-2.8.1, django-4.14.0
collecting ... collected 1 item

apps/bookings/tests/test_meeting_links.py::test_notifications_contain_meeting_url FAILED [100%]

=================================== FAILURES ===================================
____________________ test_notifications_contain_meeting_url ____________________

mock_logger = <MagicMock name='logger' id='4541562960'>
booking = <Booking: Invitee with host@test.com on 2026-08-13 10:16>

    @pytest.mark.django_db
    @patch('apps.bookings.tasks.logger')
    def test_notifications_contain_meeting_url(mock_logger, booking):
        booking.meeting_url = "https://meet.jit.si/test"
        booking.save()
    
        send_booking_confirmation_emails(booking.id)
    
        # Check that logger recorded the meeting URL
>       mock_logger.info.assert_called_with(f"Sending confirmation emails for booking {booking.uid} with URL: https://meet.jit.si/test")

apps/bookings/tests/test_meeting_links.py:125: 
_ _ _ _ _ _ _ _ _ _ _ _ _ _ _ _ _ _ _ _ _ _ _ _ _ _ _ _ _ _ _ _ _ _ _ _ _ _ _ _ 

self = <MagicMock name='logger.info' id='4576323840'>
args = ('Sending confirmation emails for booking 2354f5fb-8b75-4f2f-b729-9b3bd025fc74 with URL: https://meet.jit.si/test',)
kwargs = {}

    def assert_called_with(self, /, *args, **kwargs):
        """assert that the last call was made with the specified arguments.
    
        Raises an AssertionError if the args and keyword args passed in are
        different to the last call to the mock."""
        if self.call_args is None:
            expected = self._format_mock_call_signature(args, kwargs)
            actual = 'not called.'
            error_message = ('expected call not found.\nExpected: %s\n  Actual: %s'
                    % (expected, actual))
            raise AssertionError(error_message)
    
        def _error_message():
            msg = self._format_mock_failure_message(args, kwargs)
            return msg
        expected = self._call_matcher(_Call((args, kwargs), two=True))
        actual = self._call_matcher(self.call_args)
        if actual != expected:
            cause = expected if isinstance(expected, Exception) else None
>           raise AssertionError(_error_message()) from cause
E           AssertionError: expected call not found.
E           Expected: info('Sending confirmation emails for booking 2354f5fb-8b75-4f2f-b729-9b3bd025fc74 with URL: https://meet.jit.si/test')
E             Actual: info('Queued confirmation emails for booking 2354f5fb-8b75-4f2f-b729-9b3bd025fc74')

/opt/homebrew/Cellar/python@3.14/3.14.6/Frameworks/Python.framework/Versions/3.14/lib/python3.14/unittest/mock.py:986: AssertionError
---------------------------- Captured stderr setup -----------------------------
Creating test database for alias 'default'...
--------------------------- Captured stderr teardown ---------------------------
Destroying test database for alias 'default'...
=============================== warnings summary ===============================
.venv/lib/python3.14/site-packages/pytest_django/plugin.py:394
  /Users/prayangshuuu/Desktop/kairos/.venv/lib/python3.14/site-packages/pytest_django/plugin.py:394: RemovedInDjango70Warning: The EMAIL_HOST_USER setting is deprecated. Migrate to MAILERS before Django 7.0.
    dj_settings.DATABASES  # noqa: B018

.venv/lib/python3.14/site-packages/pytest_django/plugin.py:394
  /Users/prayangshuuu/Desktop/kairos/.venv/lib/python3.14/site-packages/pytest_django/plugin.py:394: RemovedInDjango70Warning: The EMAIL_BACKEND setting is deprecated. Migrate to MAILERS before Django 7.0.
    dj_settings.DATABASES  # noqa: B018

.venv/lib/python3.14/site-packages/pytest_django/plugin.py:394
  /Users/prayangshuuu/Desktop/kairos/.venv/lib/python3.14/site-packages/pytest_django/plugin.py:394: RemovedInDjango70Warning: The EMAIL_PORT setting is deprecated. Migrate to MAILERS before Django 7.0.
    dj_settings.DATABASES  # noqa: B018

.venv/lib/python3.14/site-packages/pytest_django/plugin.py:394
  /Users/prayangshuuu/Desktop/kairos/.venv/lib/python3.14/site-packages/pytest_django/plugin.py:394: RemovedInDjango70Warning: The EMAIL_USE_TLS setting is deprecated. Migrate to MAILERS before Django 7.0.
    dj_settings.DATABASES  # noqa: B018

.venv/lib/python3.14/site-packages/pytest_django/plugin.py:394
  /Users/prayangshuuu/Desktop/kairos/.venv/lib/python3.14/site-packages/pytest_django/plugin.py:394: RemovedInDjango70Warning: The EMAIL_FILE_PATH setting is deprecated. Migrate to MAILERS before Django 7.0.
    dj_settings.DATABASES  # noqa: B018

.venv/lib/python3.14/site-packages/pytest_django/plugin.py:394
  /Users/prayangshuuu/Desktop/kairos/.venv/lib/python3.14/site-packages/pytest_django/plugin.py:394: RemovedInDjango70Warning: The EMAIL_HOST setting is deprecated. Migrate to MAILERS before Django 7.0.
    dj_settings.DATABASES  # noqa: B018

.venv/lib/python3.14/site-packages/pytest_django/plugin.py:394
  /Users/prayangshuuu/Desktop/kairos/.venv/lib/python3.14/site-packages/pytest_django/plugin.py:394: RemovedInDjango70Warning: The EMAIL_HOST_PASSWORD setting is deprecated. Migrate to MAILERS before Django 7.0.
    dj_settings.DATABASES  # noqa: B018

apps/bookings/tests/test_meeting_links.py::test_notifications_contain_meeting_url
  /Users/prayangshuuu/Desktop/kairos/apps/bookings/ics.py:9: DeprecationWarning: datetime.datetime.utcnow() is deprecated and scheduled for removal in a future version. Use timezone-aware objects to represent datetimes in UTC: datetime.datetime.now(datetime.UTC).
    dtstamp = datetime.utcnow().strftime(dtformat)

-- Docs: https://docs.pytest.org/en/stable/how-to/capture-warnings.html
================================ tests coverage ================================
_______________ coverage: platform darwin, python 3.14.6-final-0 _______________

Name                                                Stmts   Miss  Cover   Missing
---------------------------------------------------------------------------------
apps/__init__.py                                        0      0   100%
apps/accounts/__init__.py                               0      0   100%
apps/accounts/adapter.py                               20     20     0%   1-22
apps/accounts/admin.py                                 10      0   100%
apps/accounts/apps.py                                   3      0   100%
apps/accounts/forms.py                                 22     22     0%   1-27
apps/accounts/middleware.py                            12     12     0%   1-25
apps/accounts/models.py                                95     26    73%   14, 27-35, 79-81, 85-88, 91, 94-117
apps/accounts/services.py                              57     57     0%   1-94
apps/accounts/tasks.py                                 32     32     0%   1-66
apps/accounts/tests.py                                 57     57     0%   1-105
apps/accounts/urls.py                                   4      4     0%   1-6
apps/accounts/validators.py                            16     11    31%   5-6, 19-31
apps/accounts/views.py                                162    162     0%   1-233
apps/analytics/__init__.py                              0      0   100%
apps/analytics/apps.py                                  4      0   100%
apps/analytics/models.py                               13      3    77%   14-16
apps/analytics/tasks.py                                 5      5     0%   1-6
apps/bookings/__init__.py                               0      0   100%
apps/bookings/admin.py                                 17      1    94%   21
apps/bookings/apps.py                                   3      0   100%
apps/bookings/forms.py                                125    125     0%   1-172
apps/bookings/ics.py                                   25      4    84%   21, 44, 47-48
apps/bookings/models.py                               123     15    88%   121-125, 135-142, 153, 167, 186
apps/bookings/services.py                             166    142    14%   32-48, 57-94, 104-220, 229-301, 315-434, 437-448
apps/bookings/tasks.py                                113     76    33%   13-14, 22-56, 62-63, 127-165, 169-211, 215-249, 252-270
apps/bookings/templatetags/__init__.py                  0      0   100%
apps/bookings/templatetags/booking_tags.py             37     37     0%   1-43
apps/bookings/tokens.py                                40     40     0%   1-55
apps/bookings/urls.py                                   4      4     0%   1-6
apps/bookings/views.py                                545    545     0%   1-878
apps/core/__init__.py                                   0      0   100%
apps/core/apps.py                                       4      0   100%
apps/core/exceptions.py                                 8      8     0%   1-12
apps/core/mail.py                                      36     28    22%   29-80
apps/core/management/__init__.py                        0      0   100%
apps/core/management/commands/__init__.py               0      0   100%
apps/core/management/commands/kairos_selfcheck.py      42     42     0%   1-59
apps/core/middleware.py                                21     21     0%   1-33
apps/core/models.py                                    18      2    89%   18, 30
apps/core/tasks.py                                     15     10    33%   7-29
apps/core/views.py                                     53     53     0%   1-97
apps/integrations/__init__.py                           0      0   100%
apps/integrations/admin.py                              1      0   100%
apps/integrations/apps.py                               9      1    89%   13
apps/integrations/conferencing/__init__.py              0      0   100%
apps/integrations/conferencing/base.py                 18      3    83%   17, 21, 25
apps/integrations/conferencing/providers.py            58     38    34%   8-11, 18, 25, 29-76, 79, 82, 86, 89, 92, 96, 99, 102
apps/integrations/models.py                           100     14    86%   14-17, 66, 79, 100-107, 110, 127, 147
apps/integrations/services.py                          35     35     0%   1-70
apps/integrations/tasks.py                            371    345     7%   17-27, 36-63, 72-91, 99-212, 220-246, 250-378, 382-419, 424-469, 480-634, 638-660
apps/integrations/test_busy_sync.py                   107    107     0%   1-232
apps/integrations/test_meeting_links.py                75     75     0%   1-159
apps/integrations/test_webhooks.py                     75     75     0%   1-154
apps/integrations/test_writeback.py                   125    125     0%   1-198
apps/integrations/tests.py                             49     49     0%   1-96
apps/integrations/urls.py                               4      4     0%   1-5
apps/integrations/views.py                            148    148     0%   1-262
apps/payments/__init__.py                               0      0   100%
apps/payments/admin.py                                 44      0   100%
apps/payments/apps.py                                   3      0   100%
apps/payments/models.py                               108      7    94%   26, 67, 80, 89, 103, 125, 147
apps/payments/providers.py                            137    137     0%   1-291
apps/payments/routing.py                               25     25     0%   1-66
apps/payments/services.py                             180    180     0%   1-440
apps/payments/tasks.py                                132    132     0%   1-261
apps/payments/urls.py                                   4      4     0%   1-7
apps/payments/views.py                                156    156     0%   1-327
apps/scheduling/__init__.py                             0      0   100%
apps/scheduling/admin.py                               34      0   100%
apps/scheduling/apps.py                                 3      0   100%
apps/scheduling/availability_views.py                 221    221     0%   1-367
apps/scheduling/engine.py                             190    179     6%   15-40, 47-98, 104, 119-308, 320-323
apps/scheduling/forms.py                               13     13     0%   1-26
apps/scheduling/intervals.py                           83     73    12%   13-14, 21-44, 53-89, 95-118, 124-126, 132-133, 139-154
apps/scheduling/models.py                             179     35    80%   38, 41-43, 49, 52, 86, 113-115, 215, 219-221, 225, 229-231, 234-243, 246, 274-280, 283
apps/scheduling/tasks.py                               12     12     0%   1-14
apps/scheduling/tests.py                                1      1     0%   1
apps/scheduling/urls.py                                 5      5     0%   1-16
apps/scheduling/views.py                              133    133     0%   1-191
apps/teams/__init__.py                                  0      0   100%
apps/teams/admin.py                                     7      0   100%
apps/teams/apps.py                                      3      0   100%
apps/teams/models.py                                    7      1    86%   9
apps/teams/tests.py                                     1      1     0%   1
apps/teams/views.py                                     1      1     0%   1
---------------------------------------------------------------------------------
TOTAL                                                4764   3899    18%
=========================== short test summary info ============================
FAILED apps/bookings/tests/test_meeting_links.py::test_notifications_contain_meeting_url
======================== 1 failed, 8 warnings in 2.19s =========================
